<?xml version="1.0" encoding="UTF-8"?>
<!-- Generated by org.testng.reporters.JUnitReportReporter -->
<testsuite hostname="AllendeMacBook-Pro.local" name="test.wx.homepage.GetBrandListPostTest" tests="1" failures="0" timestamp="1 Mar 2021 12:59:23 GMT" time="1.069" errors="0">
  <testcase name="getBrandList" time="1.069" classname="test.wx.homepage.GetBrandListPostTest"/>
</testsuite> <!-- test.wx.homepage.GetBrandListPostTest -->
