<?xml version="1.0" encoding="UTF-8"?>
<testsuite xmlns:xsi="http://www.w3.org/2001/XMLSchema-instance" xsi:noNamespaceSchemaLocation="https://maven.apache.org/surefire/maven-surefire-plugin/xsd/surefire-test-report.xsd" name="TestSuite" time="1.984" tests="1" errors="0" skipped="0" failures="0">
  <properties>
    <property name="gopherProxySet" value="false"/>
    <property name="awt.toolkit" value="sun.lwawt.macosx.LWCToolkit"/>
    <property name="file.encoding.pkg" value="sun.io"/>
    <property name="java.specification.version" value="1.8"/>
    <property name="sun.cpu.isalist" value=""/>
    <property name="sun.jnu.encoding" value="UTF-8"/>
    <property name="java.class.path" value="/Users/allen/Documents/work/GitHub/yd/api_front_core/target/test-classes:/Users/allen/Documents/work/GitHub/yd/api_front_core/target/classes:/Users/allen/Documents/work/libsManager/libYD/com/squareup/okhttp3/okhttp/3.3.0/okhttp-3.3.0.jar:/Users/allen/Documents/work/libsManager/libYD/com/squareup/okio/okio/1.8.0/okio-1.8.0.jar:/Users/allen/Documents/work/libsManager/libYD/org/testng/testng/6.8/testng-6.8.jar:/Users/allen/Documents/work/libsManager/libYD/junit/junit/4.10/junit-4.10.jar:/Users/allen/Documents/work/libsManager/libYD/org/hamcrest/hamcrest-core/1.1/hamcrest-core-1.1.jar:/Users/allen/Documents/work/libsManager/libYD/org/beanshell/bsh/2.0b4/bsh-2.0b4.jar:/Users/allen/Documents/work/libsManager/libYD/com/beust/jcommander/1.27/jcommander-1.27.jar:/Users/allen/Documents/work/libsManager/libYD/org/yaml/snakeyaml/1.6/snakeyaml-1.6.jar:/Users/allen/Documents/work/libsManager/libYD/io/appium/java-client/4.1.2/java-client-4.1.2.jar:/Users/allen/Documents/work/libsManager/libYD/org/seleniumhq/selenium/selenium-java/2.53.1/selenium-java-2.53.1.jar:/Users/allen/Documents/work/libsManager/libYD/org/seleniumhq/selenium/selenium-chrome-driver/2.53.1/selenium-chrome-driver-2.53.1.jar:/Users/allen/Documents/work/libsManager/libYD/org/seleniumhq/selenium/selenium-remote-driver/2.53.1/selenium-remote-driver-2.53.1.jar:/Users/allen/Documents/work/libsManager/libYD/org/seleniumhq/selenium/selenium-api/2.53.1/selenium-api-2.53.1.jar:/Users/allen/Documents/work/libsManager/libYD/org/seleniumhq/selenium/selenium-edge-driver/2.53.1/selenium-edge-driver-2.53.1.jar:/Users/allen/Documents/work/libsManager/libYD/commons-io/commons-io/2.4/commons-io-2.4.jar:/Users/allen/Documents/work/libsManager/libYD/org/apache/commons/commons-exec/1.3/commons-exec-1.3.jar:/Users/allen/Documents/work/libsManager/libYD/org/seleniumhq/selenium/htmlunit-driver/2.21/htmlunit-driver-2.21.jar:/Users/allen/Documents/work/libsManager/libYD/net/sourceforge/htmlunit/htmlunit/2.21/htmlunit-2.21.jar:/Users/allen/Documents/work/libsManager/libYD/xalan/xalan/2.7.2/xalan-2.7.2.jar:/Users/allen/Documents/work/libsManager/libYD/xalan/serializer/2.7.2/serializer-2.7.2.jar:/Users/allen/Documents/work/libsManager/libYD/org/apache/httpcomponents/httpmime/4.5.2/httpmime-4.5.2.jar:/Users/allen/Documents/work/libsManager/libYD/net/sourceforge/htmlunit/htmlunit-core-js/2.17/htmlunit-core-js-2.17.jar:/Users/allen/Documents/work/libsManager/libYD/net/sourceforge/htmlunit/neko-htmlunit/2.21/neko-htmlunit-2.21.jar:/Users/allen/Documents/work/libsManager/libYD/xerces/xercesImpl/2.11.0/xercesImpl-2.11.0.jar:/Users/allen/Documents/work/libsManager/libYD/xml-apis/xml-apis/1.4.01/xml-apis-1.4.01.jar:/Users/allen/Documents/work/libsManager/libYD/net/sourceforge/cssparser/cssparser/0.9.18/cssparser-0.9.18.jar:/Users/allen/Documents/work/libsManager/libYD/org/w3c/css/sac/1.3/sac-1.3.jar:/Users/allen/Documents/work/libsManager/libYD/org/eclipse/jetty/websocket/websocket-client/9.2.15.v20160210/websocket-client-9.2.15.v20160210.jar:/Users/allen/Documents/work/libsManager/libYD/org/eclipse/jetty/jetty-util/9.2.15.v20160210/jetty-util-9.2.15.v20160210.jar:/Users/allen/Documents/work/libsManager/libYD/org/eclipse/jetty/jetty-io/9.2.15.v20160210/jetty-io-9.2.15.v20160210.jar:/Users/allen/Documents/work/libsManager/libYD/org/eclipse/jetty/websocket/websocket-common/9.2.15.v20160210/websocket-common-9.2.15.v20160210.jar:/Users/allen/Documents/work/libsManager/libYD/org/eclipse/jetty/websocket/websocket-api/9.2.15.v20160210/websocket-api-9.2.15.v20160210.jar:/Users/allen/Documents/work/libsManager/libYD/org/seleniumhq/selenium/selenium-firefox-driver/2.53.1/selenium-firefox-driver-2.53.1.jar:/Users/allen/Documents/work/libsManager/libYD/org/seleniumhq/selenium/selenium-ie-driver/2.53.1/selenium-ie-driver-2.53.1.jar:/Users/allen/Documents/work/libsManager/libYD/net/java/dev/jna/jna/4.1.0/jna-4.1.0.jar:/Users/allen/Documents/work/libsManager/libYD/net/java/dev/jna/jna-platform/4.1.0/jna-platform-4.1.0.jar:/Users/allen/Documents/work/libsManager/libYD/org/seleniumhq/selenium/selenium-safari-driver/2.53.1/selenium-safari-driver-2.53.1.jar:/Users/allen/Documents/work/libsManager/libYD/io/netty/netty/3.5.7.Final/netty-3.5.7.Final.jar:/Users/allen/Documents/work/libsManager/libYD/org/seleniumhq/selenium/selenium-support/2.53.1/selenium-support-2.53.1.jar:/Users/allen/Documents/work/libsManager/libYD/org/seleniumhq/selenium/selenium-leg-rc/2.53.1/selenium-leg-rc-2.53.1.jar:/Users/allen/Documents/work/libsManager/libYD/com/google/code/gson/gson/2.7/gson-2.7.jar:/Users/allen/Documents/work/libsManager/libYD/org/apache/httpcomponents/httpclient/4.5.2/httpclient-4.5.2.jar:/Users/allen/Documents/work/libsManager/libYD/org/apache/httpcomponents/httpcore/4.4.4/httpcore-4.4.4.jar:/Users/allen/Documents/work/libsManager/libYD/commons-codec/commons-codec/1.9/commons-codec-1.9.jar:/Users/allen/Documents/work/libsManager/libYD/com/google/guava/guava/19.0/guava-19.0.jar:/Users/allen/Documents/work/libsManager/libYD/commons-validator/commons-validator/1.5.1/commons-validator-1.5.1.jar:/Users/allen/Documents/work/libsManager/libYD/commons-beanutils/commons-beanutils/1.9.2/commons-beanutils-1.9.2.jar:/Users/allen/Documents/work/libsManager/libYD/commons-digester/commons-digester/1.8.1/commons-digester-1.8.1.jar:/Users/allen/Documents/work/libsManager/libYD/commons-collections/commons-collections/3.2.2/commons-collections-3.2.2.jar:/Users/allen/Documents/work/libsManager/libYD/org/apache/commons/commons-lang3/3.4/commons-lang3-3.4.jar:/Users/allen/Documents/work/libsManager/libYD/cglib/cglib-nodep/3.2.4/cglib-nodep-3.2.4.jar:/Users/allen/Documents/work/libsManager/libYD/org/aspectj/aspectjweaver/1.8.9/aspectjweaver-1.8.9.jar:/Users/allen/Documents/work/libsManager/libYD/org/springframework/spring/2.5.6/spring-2.5.6.jar:/Users/allen/Documents/work/libsManager/libYD/commons-logging/commons-logging/1.1.1/commons-logging-1.1.1.jar:/Users/allen/Documents/work/libsManager/libYD/org/springframework/spring-web/2.5.6/spring-web-2.5.6.jar:/Users/allen/Documents/work/libsManager/libYD/org/springframework/spring-beans/2.5.6/spring-beans-2.5.6.jar:/Users/allen/Documents/work/libsManager/libYD/org/springframework/spring-webmvc/2.5.6/spring-webmvc-2.5.6.jar:/Users/allen/Documents/work/libsManager/libYD/org/springframework/spring-test/2.5.6/spring-test-2.5.6.jar:/Users/allen/Documents/work/libsManager/libYD/org/springframework/spring-core/2.5.6/spring-core-2.5.6.jar:/Users/allen/Documents/work/libsManager/libYD/org/springframework/spring-aspects/2.5.6/spring-aspects-2.5.6.jar:/Users/allen/Documents/work/libsManager/libYD/org/aspectj/aspectjrt/1.6.1/aspectjrt-1.6.1.jar:/Users/allen/Documents/work/libsManager/libYD/org/springframework/spring-context/2.5.6/spring-context-2.5.6.jar:/Users/allen/Documents/work/libsManager/libYD/aopalliance/aopalliance/1.0/aopalliance-1.0.jar:/Users/allen/Documents/work/libsManager/libYD/org/springframework/spring-context-support/2.5.6/spring-context-support-2.5.6.jar:/Users/allen/Documents/work/libsManager/libYD/org/springframework/spring-jdbc/2.5.6/spring-jdbc-2.5.6.jar:/Users/allen/Documents/work/libsManager/libYD/org/springframework/spring-jms/2.5.6/spring-jms-2.5.6.jar:/Users/allen/Documents/work/libsManager/libYD/commons-pool/commons-pool/1.3/commons-pool-1.3.jar:/Users/allen/Documents/work/libsManager/libYD/org/springframework/spring-orm/2.5.6/spring-orm-2.5.6.jar:/Users/allen/Documents/work/libsManager/libYD/org/springframework/spring-tx/2.5.6/spring-tx-2.5.6.jar:/Users/allen/Documents/work/libsManager/libYD/org/apache/ant/ant/1.9.4/ant-1.9.4.jar:/Users/allen/Documents/work/libsManager/libYD/org/apache/ant/ant-launcher/1.9.4/ant-launcher-1.9.4.jar:/Users/allen/Documents/work/libsManager/libYD/javax/mail/mail/1.4.1/mail-1.4.1.jar:/Users/allen/Documents/work/libsManager/libYD/javax/activation/activation/1.1/activation-1.1.jar:/Users/allen/Documents/work/libsManager/libYD/org/slf4j/slf4j-log4j12/1.7.2/slf4j-log4j12-1.7.2.jar:/Users/allen/Documents/work/libsManager/libYD/org/slf4j/slf4j-api/1.7.2/slf4j-api-1.7.2.jar:/Users/allen/Documents/work/libsManager/libYD/log4j/log4j/1.2.17/log4j-1.2.17.jar:/Users/allen/Documents/work/libsManager/libYD/com/alibaba/fastjson/1.2.9/fastjson-1.2.9.jar:/Users/allen/Documents/work/libsManager/libYD/mysql/mysql-connector-java/5.1.21/mysql-connector-java-5.1.21.jar:/Users/allen/Documents/work/libsManager/libYD/org/mybatis/mybatis/3.1.1/mybatis-3.1.1.jar:/Users/allen/Documents/work/libsManager/libYD/c3p0/c3p0/0.9.1.2/c3p0-0.9.1.2.jar:/Users/allen/Documents/work/libsManager/libYD/net/sourceforge/jexcelapi/jxl/2.6.12/jxl-2.6.12.jar:/Users/allen/Documents/work/libsManager/libYD/org/apache/maven/surefire/surefire-testng-utils/2.20.1/surefire-testng-utils-2.20.1.jar:/Users/allen/Documents/work/libsManager/libYD/org/apache/maven/surefire/surefire-grouper/2.20.1/surefire-grouper-2.20.1.jar:"/>
    <property name="envID" value="pro-DtestCases=testOfall.xml"/>
    <property name="java.vm.vendor" value="Oracle Corporation"/>
    <property name="sun.arch.data.model" value="64"/>
    <property name="java.vendor.url" value="http://java.oracle.com/"/>
    <property name="user.timezone" value=""/>
    <property name="java.vm.specification.version" value="1.8"/>
    <property name="os.name" value="Mac OS X"/>
    <property name="user.country" value="CN"/>
    <property name="sun.java.launcher" value="SUN_STANDARD"/>
    <property name="sun.boot.library.path" value="/Library/Java/JavaVirtualMachines/jdk1.8.0_241.jdk/Contents/Home/jre/lib"/>
    <property name="sun.java.command" value="/Users/allen/Documents/work/GitHub/yd/api_front_core/target/surefire/surefirebooter6529656027983971413.jar /Users/allen/Documents/work/GitHub/yd/api_front_core/target/surefire 2021-03-01T20-59-20_848-jvmRun1 surefire1944156509360141430tmp surefire_08039615244923047880tmp"/>
    <property name="http.nonProxyHosts" value="local,|*.local,|169.254/16|*.169.254/16"/>
    <property name="surefire.test.class.path" value="/Users/allen/Documents/work/GitHub/yd/api_front_core/target/test-classes:/Users/allen/Documents/work/GitHub/yd/api_front_core/target/classes:/Users/allen/Documents/work/libsManager/libYD/com/squareup/okhttp3/okhttp/3.3.0/okhttp-3.3.0.jar:/Users/allen/Documents/work/libsManager/libYD/com/squareup/okio/okio/1.8.0/okio-1.8.0.jar:/Users/allen/Documents/work/libsManager/libYD/org/testng/testng/6.8/testng-6.8.jar:/Users/allen/Documents/work/libsManager/libYD/junit/junit/4.10/junit-4.10.jar:/Users/allen/Documents/work/libsManager/libYD/org/hamcrest/hamcrest-core/1.1/hamcrest-core-1.1.jar:/Users/allen/Documents/work/libsManager/libYD/org/beanshell/bsh/2.0b4/bsh-2.0b4.jar:/Users/allen/Documents/work/libsManager/libYD/com/beust/jcommander/1.27/jcommander-1.27.jar:/Users/allen/Documents/work/libsManager/libYD/org/yaml/snakeyaml/1.6/snakeyaml-1.6.jar:/Users/allen/Documents/work/libsManager/libYD/io/appium/java-client/4.1.2/java-client-4.1.2.jar:/Users/allen/Documents/work/libsManager/libYD/org/seleniumhq/selenium/selenium-java/2.53.1/selenium-java-2.53.1.jar:/Users/allen/Documents/work/libsManager/libYD/org/seleniumhq/selenium/selenium-chrome-driver/2.53.1/selenium-chrome-driver-2.53.1.jar:/Users/allen/Documents/work/libsManager/libYD/org/seleniumhq/selenium/selenium-remote-driver/2.53.1/selenium-remote-driver-2.53.1.jar:/Users/allen/Documents/work/libsManager/libYD/org/seleniumhq/selenium/selenium-api/2.53.1/selenium-api-2.53.1.jar:/Users/allen/Documents/work/libsManager/libYD/org/seleniumhq/selenium/selenium-edge-driver/2.53.1/selenium-edge-driver-2.53.1.jar:/Users/allen/Documents/work/libsManager/libYD/commons-io/commons-io/2.4/commons-io-2.4.jar:/Users/allen/Documents/work/libsManager/libYD/org/apache/commons/commons-exec/1.3/commons-exec-1.3.jar:/Users/allen/Documents/work/libsManager/libYD/org/seleniumhq/selenium/htmlunit-driver/2.21/htmlunit-driver-2.21.jar:/Users/allen/Documents/work/libsManager/libYD/net/sourceforge/htmlunit/htmlunit/2.21/htmlunit-2.21.jar:/Users/allen/Documents/work/libsManager/libYD/xalan/xalan/2.7.2/xalan-2.7.2.jar:/Users/allen/Documents/work/libsManager/libYD/xalan/serializer/2.7.2/serializer-2.7.2.jar:/Users/allen/Documents/work/libsManager/libYD/org/apache/httpcomponents/httpmime/4.5.2/httpmime-4.5.2.jar:/Users/allen/Documents/work/libsManager/libYD/net/sourceforge/htmlunit/htmlunit-core-js/2.17/htmlunit-core-js-2.17.jar:/Users/allen/Documents/work/libsManager/libYD/net/sourceforge/htmlunit/neko-htmlunit/2.21/neko-htmlunit-2.21.jar:/Users/allen/Documents/work/libsManager/libYD/xerces/xercesImpl/2.11.0/xercesImpl-2.11.0.jar:/Users/allen/Documents/work/libsManager/libYD/xml-apis/xml-apis/1.4.01/xml-apis-1.4.01.jar:/Users/allen/Documents/work/libsManager/libYD/net/sourceforge/cssparser/cssparser/0.9.18/cssparser-0.9.18.jar:/Users/allen/Documents/work/libsManager/libYD/org/w3c/css/sac/1.3/sac-1.3.jar:/Users/allen/Documents/work/libsManager/libYD/org/eclipse/jetty/websocket/websocket-client/9.2.15.v20160210/websocket-client-9.2.15.v20160210.jar:/Users/allen/Documents/work/libsManager/libYD/org/eclipse/jetty/jetty-util/9.2.15.v20160210/jetty-util-9.2.15.v20160210.jar:/Users/allen/Documents/work/libsManager/libYD/org/eclipse/jetty/jetty-io/9.2.15.v20160210/jetty-io-9.2.15.v20160210.jar:/Users/allen/Documents/work/libsManager/libYD/org/eclipse/jetty/websocket/websocket-common/9.2.15.v20160210/websocket-common-9.2.15.v20160210.jar:/Users/allen/Documents/work/libsManager/libYD/org/eclipse/jetty/websocket/websocket-api/9.2.15.v20160210/websocket-api-9.2.15.v20160210.jar:/Users/allen/Documents/work/libsManager/libYD/org/seleniumhq/selenium/selenium-firefox-driver/2.53.1/selenium-firefox-driver-2.53.1.jar:/Users/allen/Documents/work/libsManager/libYD/org/seleniumhq/selenium/selenium-ie-driver/2.53.1/selenium-ie-driver-2.53.1.jar:/Users/allen/Documents/work/libsManager/libYD/net/java/dev/jna/jna/4.1.0/jna-4.1.0.jar:/Users/allen/Documents/work/libsManager/libYD/net/java/dev/jna/jna-platform/4.1.0/jna-platform-4.1.0.jar:/Users/allen/Documents/work/libsManager/libYD/org/seleniumhq/selenium/selenium-safari-driver/2.53.1/selenium-safari-driver-2.53.1.jar:/Users/allen/Documents/work/libsManager/libYD/io/netty/netty/3.5.7.Final/netty-3.5.7.Final.jar:/Users/allen/Documents/work/libsManager/libYD/org/seleniumhq/selenium/selenium-support/2.53.1/selenium-support-2.53.1.jar:/Users/allen/Documents/work/libsManager/libYD/org/seleniumhq/selenium/selenium-leg-rc/2.53.1/selenium-leg-rc-2.53.1.jar:/Users/allen/Documents/work/libsManager/libYD/com/google/code/gson/gson/2.7/gson-2.7.jar:/Users/allen/Documents/work/libsManager/libYD/org/apache/httpcomponents/httpclient/4.5.2/httpclient-4.5.2.jar:/Users/allen/Documents/work/libsManager/libYD/org/apache/httpcomponents/httpcore/4.4.4/httpcore-4.4.4.jar:/Users/allen/Documents/work/libsManager/libYD/commons-codec/commons-codec/1.9/commons-codec-1.9.jar:/Users/allen/Documents/work/libsManager/libYD/com/google/guava/guava/19.0/guava-19.0.jar:/Users/allen/Documents/work/libsManager/libYD/commons-validator/commons-validator/1.5.1/commons-validator-1.5.1.jar:/Users/allen/Documents/work/libsManager/libYD/commons-beanutils/commons-beanutils/1.9.2/commons-beanutils-1.9.2.jar:/Users/allen/Documents/work/libsManager/libYD/commons-digester/commons-digester/1.8.1/commons-digester-1.8.1.jar:/Users/allen/Documents/work/libsManager/libYD/commons-collections/commons-collections/3.2.2/commons-collections-3.2.2.jar:/Users/allen/Documents/work/libsManager/libYD/org/apache/commons/commons-lang3/3.4/commons-lang3-3.4.jar:/Users/allen/Documents/work/libsManager/libYD/cglib/cglib-nodep/3.2.4/cglib-nodep-3.2.4.jar:/Users/allen/Documents/work/libsManager/libYD/org/aspectj/aspectjweaver/1.8.9/aspectjweaver-1.8.9.jar:/Users/allen/Documents/work/libsManager/libYD/org/springframework/spring/2.5.6/spring-2.5.6.jar:/Users/allen/Documents/work/libsManager/libYD/commons-logging/commons-logging/1.1.1/commons-logging-1.1.1.jar:/Users/allen/Documents/work/libsManager/libYD/org/springframework/spring-web/2.5.6/spring-web-2.5.6.jar:/Users/allen/Documents/work/libsManager/libYD/org/springframework/spring-beans/2.5.6/spring-beans-2.5.6.jar:/Users/allen/Documents/work/libsManager/libYD/org/springframework/spring-webmvc/2.5.6/spring-webmvc-2.5.6.jar:/Users/allen/Documents/work/libsManager/libYD/org/springframework/spring-test/2.5.6/spring-test-2.5.6.jar:/Users/allen/Documents/work/libsManager/libYD/org/springframework/spring-core/2.5.6/spring-core-2.5.6.jar:/Users/allen/Documents/work/libsManager/libYD/org/springframework/spring-aspects/2.5.6/spring-aspects-2.5.6.jar:/Users/allen/Documents/work/libsManager/libYD/org/aspectj/aspectjrt/1.6.1/aspectjrt-1.6.1.jar:/Users/allen/Documents/work/libsManager/libYD/org/springframework/spring-context/2.5.6/spring-context-2.5.6.jar:/Users/allen/Documents/work/libsManager/libYD/aopalliance/aopalliance/1.0/aopalliance-1.0.jar:/Users/allen/Documents/work/libsManager/libYD/org/springframework/spring-context-support/2.5.6/spring-context-support-2.5.6.jar:/Users/allen/Documents/work/libsManager/libYD/org/springframework/spring-jdbc/2.5.6/spring-jdbc-2.5.6.jar:/Users/allen/Documents/work/libsManager/libYD/org/springframework/spring-jms/2.5.6/spring-jms-2.5.6.jar:/Users/allen/Documents/work/libsManager/libYD/commons-pool/commons-pool/1.3/commons-pool-1.3.jar:/Users/allen/Documents/work/libsManager/libYD/org/springframework/spring-orm/2.5.6/spring-orm-2.5.6.jar:/Users/allen/Documents/work/libsManager/libYD/org/springframework/spring-tx/2.5.6/spring-tx-2.5.6.jar:/Users/allen/Documents/work/libsManager/libYD/org/apache/ant/ant/1.9.4/ant-1.9.4.jar:/Users/allen/Documents/work/libsManager/libYD/org/apache/ant/ant-launcher/1.9.4/ant-launcher-1.9.4.jar:/Users/allen/Documents/work/libsManager/libYD/javax/mail/mail/1.4.1/mail-1.4.1.jar:/Users/allen/Documents/work/libsManager/libYD/javax/activation/activation/1.1/activation-1.1.jar:/Users/allen/Documents/work/libsManager/libYD/org/slf4j/slf4j-log4j12/1.7.2/slf4j-log4j12-1.7.2.jar:/Users/allen/Documents/work/libsManager/libYD/org/slf4j/slf4j-api/1.7.2/slf4j-api-1.7.2.jar:/Users/allen/Documents/work/libsManager/libYD/log4j/log4j/1.2.17/log4j-1.2.17.jar:/Users/allen/Documents/work/libsManager/libYD/com/alibaba/fastjson/1.2.9/fastjson-1.2.9.jar:/Users/allen/Documents/work/libsManager/libYD/mysql/mysql-connector-java/5.1.21/mysql-connector-java-5.1.21.jar:/Users/allen/Documents/work/libsManager/libYD/org/mybatis/mybatis/3.1.1/mybatis-3.1.1.jar:/Users/allen/Documents/work/libsManager/libYD/c3p0/c3p0/0.9.1.2/c3p0-0.9.1.2.jar:/Users/allen/Documents/work/libsManager/libYD/net/sourceforge/jexcelapi/jxl/2.6.12/jxl-2.6.12.jar:/Users/allen/Documents/work/libsManager/libYD/org/apache/maven/surefire/surefire-testng-utils/2.20.1/surefire-testng-utils-2.20.1.jar:/Users/allen/Documents/work/libsManager/libYD/org/apache/maven/surefire/surefire-grouper/2.20.1/surefire-grouper-2.20.1.jar:"/>
    <property name="sun.cpu.endian" value="little"/>
    <property name="user.home" value="/Users/allen"/>
    <property name="user.language" value="zh"/>
    <property name="java.specification.vendor" value="Oracle Corporation"/>
    <property name="java.home" value="/Library/Java/JavaVirtualMachines/jdk1.8.0_241.jdk/Contents/Home/jre"/>
    <property name="basedir" value="/Users/allen/Documents/work/GitHub/yd/api_front_core"/>
    <property name="file.separator" value="/"/>
    <property name="line.separator" value="&#10;"/>
    <property name="java.vm.specification.vendor" value="Oracle Corporation"/>
    <property name="java.specification.name" value="Java Platform API Specification"/>
    <property name="java.awt.graphicsenv" value="sun.awt.CGraphicsEnvironment"/>
    <property name="surefire.real.class.path" value="/Users/allen/Documents/work/GitHub/yd/api_front_core/target/surefire/surefirebooter6529656027983971413.jar"/>
    <property name="sun.boot.class.path" value="/Library/Java/JavaVirtualMachines/jdk1.8.0_241.jdk/Contents/Home/jre/lib/resources.jar:/Library/Java/JavaVirtualMachines/jdk1.8.0_241.jdk/Contents/Home/jre/lib/rt.jar:/Library/Java/JavaVirtualMachines/jdk1.8.0_241.jdk/Contents/Home/jre/lib/sunrsasign.jar:/Library/Java/JavaVirtualMachines/jdk1.8.0_241.jdk/Contents/Home/jre/lib/jsse.jar:/Library/Java/JavaVirtualMachines/jdk1.8.0_241.jdk/Contents/Home/jre/lib/jce.jar:/Library/Java/JavaVirtualMachines/jdk1.8.0_241.jdk/Contents/Home/jre/lib/charsets.jar:/Library/Java/JavaVirtualMachines/jdk1.8.0_241.jdk/Contents/Home/jre/lib/jfr.jar:/Library/Java/JavaVirtualMachines/jdk1.8.0_241.jdk/Contents/Home/jre/classes"/>
    <property name="sun.management.compiler" value="HotSpot 64-Bit Tiered Compilers"/>
    <property name="ftp.nonProxyHosts" value="local,|*.local,|169.254/16|*.169.254/16"/>
    <property name="java.runtime.version" value="1.8.0_241-b07"/>
    <property name="user.name" value="allen"/>
    <property name="path.separator" value=":"/>
    <property name="os.version" value="10.16"/>
    <property name="java.endorsed.dirs" value="/Library/Java/JavaVirtualMachines/jdk1.8.0_241.jdk/Contents/Home/jre/lib/endorsed"/>
    <property name="java.runtime.name" value="Java(TM) SE Runtime Environment"/>
    <property name="file.encoding" value="UTF-8"/>
    <property name="java.vm.name" value="Java HotSpot(TM) 64-Bit Server VM"/>
    <property name="client" value="wx"/>
    <property name="idea.version2020.1" value="true"/>
    <property name="localRepository" value="/Users/allen/Documents/work/libsManager/libYD"/>
    <property name="java.vendor.url.bug" value="http://bugreport.sun.com/bugreport/"/>
    <property name="java.io.tmpdir" value="/var/folders/pj/8gfl_9b55kb7snjpg8sgdtqh0000gn/T/"/>
    <property name="java.version" value="1.8.0_241"/>
    <property name="user.dir" value="/Users/allen/Documents/work/GitHub/yd/api_front_core"/>
    <property name="os.arch" value="x86_64"/>
    <property name="java.vm.specification.name" value="Java Virtual Machine Specification"/>
    <property name="java.awt.printerjob" value="sun.lwawt.macosx.CPrinterJob"/>
    <property name="sun.os.patch.level" value="unknown"/>
    <property name="java.library.path" value="/Users/allen/Library/Java/Extensions:/Library/Java/Extensions:/Network/Library/Java/Extensions:/System/Library/Java/Extensions:/usr/lib/java:."/>
    <property name="java.vm.info" value="mixed mode"/>
    <property name="java.vendor" value="Oracle Corporation"/>
    <property name="java.vm.version" value="25.241-b07"/>
    <property name="java.ext.dirs" value="/Users/allen/Library/Java/Extensions:/Library/Java/JavaVirtualMachines/jdk1.8.0_241.jdk/Contents/Home/jre/lib/ext:/Library/Java/Extensions:/Network/Library/Java/Extensions:/System/Library/Java/Extensions:/usr/lib/java"/>
    <property name="sun.io.unicode.encoding" value="UnicodeBig"/>
    <property name="maven.repo.local" value="/Users/allen/Documents/work/libsManager/libYD"/>
    <property name="java.class.version" value="52.0"/>
    <property name="socksNonProxyHosts" value="local,|*.local,|169.254/16|*.169.254/16"/>
  </properties>
  <testcase name="getBrandList" classname="test.wx.homepage.GetBrandListPostTest" time="1.068"/>
</testsuite>